%!Adobe-FontList 1.23
%Locale:0x40c

%BeginFont
Handler:DirectoryHandler
FontType:TrueType
FontName:Humane-Bold
FamilyName:Humane
StyleName:Bold
FullName:Humane Bold
MenuName:Mango Grotesque
StyleBits:2
WritingScript:Roman
OutlineFileName:C:\Users\marti\Desktop\devoir ensaama\dnmade3\projet_memoire\Font\OpenType-TT\Humane-Bold.ttf
DataFormat:sfntData
hasSVG:no
VariableFontType:NonVariableFont
FileLength:47692
FileModTime:1742213867
WeightClass:700
WidthClass:5
AngleClass:0
NameArray:0,Mac,4,Humane Bold
NameArray:0,Win,1,Mango Grotesque
NameArray:0,Win,16,Humane
%EndFont

%BeginFont
Handler:DirectoryHandler
FontType:TrueType
FontName:Humane-ExtraLight
FamilyName:Humane
StyleName:Extra Light
FullName:Humane Extra Light
MenuName:Mango Grotesque ExtLt
StyleBits:0
WritingScript:Roman
OutlineFileName:C:\Users\marti\Desktop\devoir ensaama\dnmade3\projet_memoire\Font\OpenType-TT\Humane-ExtraLight.ttf
DataFormat:sfntData
hasSVG:no
VariableFontType:NonVariableFont
FileLength:48864
FileModTime:1742213867
WeightClass:200
WidthClass:5
AngleClass:0
NameArray:0,Mac,4,Humane Extra Light
NameArray:0,Win,1,Mango Grotesque ExtLt
NameArray:0,Win,16,Humane
%EndFont

%BeginFont
Handler:DirectoryHandler
FontType:TrueType
FontName:Humane-Light
FamilyName:Humane
StyleName:Light
FullName:Humane Light
MenuName:Mango Grotesque Light
StyleBits:0
WritingScript:Roman
OutlineFileName:C:\Users\marti\Desktop\devoir ensaama\dnmade3\projet_memoire\Font\OpenType-TT\Humane-Light.ttf
DataFormat:sfntData
hasSVG:no
VariableFontType:NonVariableFont
FileLength:48588
FileModTime:1742213867
WeightClass:300
WidthClass:5
AngleClass:0
NameArray:0,Mac,4,Humane Light
NameArray:0,Win,1,Mango Grotesque Light
NameArray:0,Win,16,Humane
%EndFont

%BeginFont
Handler:DirectoryHandler
FontType:TrueType
FontName:Humane-Medium
FamilyName:Humane
StyleName:Medium
FullName:Humane Medium
MenuName:Mango Grotesque Med
StyleBits:0
WritingScript:Roman
OutlineFileName:C:\Users\marti\Desktop\devoir ensaama\dnmade3\projet_memoire\Font\OpenType-TT\Humane-Medium.ttf
DataFormat:sfntData
hasSVG:no
VariableFontType:NonVariableFont
FileLength:48008
FileModTime:1742213867
WeightClass:500
WidthClass:5
AngleClass:0
NameArray:0,Mac,4,Humane Medium
NameArray:0,Win,1,Mango Grotesque Med
NameArray:0,Win,16,Humane
%EndFont

%BeginFont
Handler:DirectoryHandler
FontType:TrueType
FontName:Humane-Regular
FamilyName:Humane
StyleName:Regular
FullName:Humane Regular
MenuName:Mango Grotesque
StyleBits:0
WritingScript:Roman
OutlineFileName:C:\Users\marti\Desktop\devoir ensaama\dnmade3\projet_memoire\Font\OpenType-TT\Humane-Regular.ttf
DataFormat:sfntData
hasSVG:no
VariableFontType:NonVariableFont
FileLength:48468
FileModTime:1742213867
WeightClass:400
WidthClass:5
AngleClass:0
NameArray:0,Mac,4,Humane Regular
NameArray:0,Win,1,Mango Grotesque
NameArray:0,Win,16,Humane
%EndFont

%BeginFont
Handler:DirectoryHandler
FontType:TrueType
FontName:Humane-SemiBold
FamilyName:Humane
StyleName:Semi Bold
FullName:Humane Semi Bold
MenuName:Mango Grotesque SemBd
StyleBits:0
WritingScript:Roman
OutlineFileName:C:\Users\marti\Desktop\devoir ensaama\dnmade3\projet_memoire\Font\OpenType-TT\Humane-SemiBold.ttf
DataFormat:sfntData
hasSVG:no
VariableFontType:NonVariableFont
FileLength:47760
FileModTime:1742213867
WeightClass:600
WidthClass:5
AngleClass:0
NameArray:0,Mac,4,Humane Semi Bold
NameArray:0,Win,1,Mango Grotesque SemBd
NameArray:0,Win,16,Humane
%EndFont

%BeginFont
Handler:DirectoryHandler
FontType:TrueType
FontName:Humane-Thin
FamilyName:Humane
StyleName:Thin
FullName:Humane Thin
MenuName:Mango Grotesque Thin
StyleBits:0
WritingScript:Roman
OutlineFileName:C:\Users\marti\Desktop\devoir ensaama\dnmade3\projet_memoire\Font\OpenType-TT\Humane-Thin.ttf
DataFormat:sfntData
hasSVG:no
VariableFontType:NonVariableFont
FileLength:47488
FileModTime:1742213867
WeightClass:100
WidthClass:5
AngleClass:0
NameArray:0,Mac,4,Humane Thin
NameArray:0,Win,1,Mango Grotesque Thin
NameArray:0,Win,16,Humane
%EndFont

%BeginFont
Handler:DirectoryHandler
FontType:Type1
FontName:Pouler-Regular
FamilyName:Pouler
StyleName:Regular
FullName:Pouler
MenuName:Pouler
StyleBits:0
WritingScript:Roman
OutlineFileName:C:\Users\marti\Desktop\devoir ensaama\dnmade3\projet_memoire\Font\Pouler\Pouler.otf
DataFormat:sfntData
UsesStandardEncoding:yes
isCFF:yes
hasSVG:no
VariableFontType:NonVariableFont
FileLength:30756
FileModTime:1748332884
WeightClass:400
WidthClass:5
AngleClass:0
NameArray:0,Win,1,Pouler
NameArray:0,Win,16,Pouler
%EndFont

%BeginFont
Handler:DirectoryHandler
FontType:Invalid
OutlineFileName:C:\Users\marti\Desktop\devoir ensaama\dnmade3\projet_memoire\Font\Pouler\Pouler.woff
FileModTime:1748332884
%EndFont

%BeginFont
Handler:DirectoryHandler
FontType:Invalid
OutlineFileName:C:\Users\marti\Desktop\devoir ensaama\dnmade3\projet_memoire\Font\Pouler\Pouler.woff2
FileModTime:1748332884
%EndFont

%BeginFont
Handler:DirectoryHandler
FontType:TrueType
FontName:Karrik-Italic
FamilyName:Karrik
StyleName:Italic
FullName:Karrik Italic
MenuName:Karrik
StyleBits:1
WritingScript:Roman
OutlineFileName:C:\Users\marti\Desktop\devoir ensaama\dnmade3\projet_memoire\Font\Web\TFF\Karrik-Italic.ttf
DataFormat:sfntData
hasSVG:no
VariableFontType:NonVariableFont
FileLength:69652
FileModTime:1747119874
WeightClass:400
WidthClass:5
AngleClass:0
NameArray:0,Mac,4,Karrik Italic
NameArray:0,Win,1,Karrik
%EndFont

%BeginFont
Handler:DirectoryHandler
FontType:TrueType
FontName:Karrik-Regular
FamilyName:Karrik
StyleName:Regular
FullName:Karrik
MenuName:Karrik
StyleBits:0
WritingScript:Roman
OutlineFileName:C:\Users\marti\Desktop\devoir ensaama\dnmade3\projet_memoire\Font\Web\TFF\Karrik-Regular.ttf
DataFormat:sfntData
hasSVG:no
VariableFontType:NonVariableFont
FileLength:91204
FileModTime:1747119874
WeightClass:400
WidthClass:5
AngleClass:0
NameArray:0,Mac,4,Karrik
NameArray:0,Win,1,Karrik
%EndFont

%BeginFont
Handler:DirectoryHandler
FontType:Invalid
OutlineFileName:C:\Users\marti\Desktop\devoir ensaama\dnmade3\projet_memoire\Font\Web\WOFF2\Karrik-Italic.woff2
FileModTime:1747119874
%EndFont

%BeginFont
Handler:DirectoryHandler
FontType:Invalid
OutlineFileName:C:\Users\marti\Desktop\devoir ensaama\dnmade3\projet_memoire\Font\Web\WOFF2\Karrik-Regular.woff2
FileModTime:1747119874
%EndFont

%BeginFont
Handler:DirectoryHandler
FontType:Invalid
OutlineFileName:C:\Users\marti\Desktop\devoir ensaama\dnmade3\projet_memoire\Font\Web\WOFF\Karrik-Italic.woff
FileModTime:1747119874
%EndFont

%BeginFont
Handler:DirectoryHandler
FontType:Invalid
OutlineFileName:C:\Users\marti\Desktop\devoir ensaama\dnmade3\projet_memoire\Font\Web\WOFF\Karrik-Regular.woff
FileModTime:1747119874
%EndFont

